<?xml version="1.0" encoding="UTF-8"?>
<robot generator="Robot 6.1.1 (Python 3.11.4 on win32)" generated="20231209 11:51:21.587" rpa="false" schemaversion="4">
<suite id="s1" name="Main" source="C:\Users\krist\PycharmProjects\KristopherPepperSiteTests\tests\Main.robot">
<test id="s1-t1" name="Test initialization" line="15">
<kw name="Set Selenium Speed" library="SeleniumLibrary">
<arg>.2s</arg>
<doc>Sets the delay that is waited after each Selenium command.</doc>
<status status="PASS" starttime="20231209 11:51:21.947" endtime="20231209 11:51:21.947"/>
</kw>
<kw name="Set Selenium Timeout" library="SeleniumLibrary">
<arg>10s</arg>
<doc>Sets the timeout that is used by various keywords.</doc>
<status status="PASS" starttime="20231209 11:51:21.947" endtime="20231209 11:51:21.947"/>
</kw>
<status status="PASS" starttime="20231209 11:51:21.947" endtime="20231209 11:51:21.947"/>
</test>
<test id="s1-t2" name="Tests" line="19">
<kw name="Page Content" library="About">
<kw name="Open Browser" library="SeleniumLibrary">
<arg>https://kristopherpepper.com/kris</arg>
<arg>chrome</arg>
<doc>Opens a new browser instance to the optional ``url``.</doc>
<msg timestamp="20231209 11:51:21.947" level="INFO">Opening browser 'chrome' to base url 'https://kristopherpepper.com/kris'.</msg>
<msg timestamp="20231209 11:51:22.823" level="WARN">The chromedriver version (120.0.6099.62) detected in PATH at C:\bin\chromedriver.exe might not be compatible with the detected chrome version (120.0.6099.63); currently, chromedriver 120.0.6099.71 is recommended for chrome 120.*, so it is advised to delete the driver in PATH and retry</msg>
<status status="PASS" starttime="20231209 11:51:21.947" endtime="20231209 11:51:27.979"/>
</kw>
<kw name="Maximize Browser Window" library="SeleniumLibrary">
<doc>Maximizes current browser window.</doc>
<status status="PASS" starttime="20231209 11:51:27.979" endtime="20231209 11:51:29.690"/>
</kw>
<kw name="Page Should Contain" library="SeleniumLibrary">
<arg>About</arg>
<doc>Verifies that current page contains ``text``.</doc>
<msg timestamp="20231209 11:51:30.139" level="INFO">Current page contains text 'About'.</msg>
<status status="PASS" starttime="20231209 11:51:29.690" endtime="20231209 11:51:30.139"/>
</kw>
<kw name="Page Should Contain" library="SeleniumLibrary">
<arg>My Photography</arg>
<doc>Verifies that current page contains ``text``.</doc>
<msg timestamp="20231209 11:51:30.586" level="INFO">Current page contains text 'My Photography'.</msg>
<status status="PASS" starttime="20231209 11:51:30.139" endtime="20231209 11:51:30.586"/>
</kw>
<kw name="Page Should Contain" library="SeleniumLibrary">
<arg>My Coding</arg>
<doc>Verifies that current page contains ``text``.</doc>
<msg timestamp="20231209 11:51:31.064" level="INFO">Current page contains text 'My Coding'.</msg>
<status status="PASS" starttime="20231209 11:51:30.586" endtime="20231209 11:51:31.064"/>
</kw>
<kw name="Page Should Contain" library="SeleniumLibrary">
<arg>Contact Kris</arg>
<doc>Verifies that current page contains ``text``.</doc>
<msg timestamp="20231209 11:51:31.547" level="INFO">Current page contains text 'Contact Kris'.</msg>
<status status="PASS" starttime="20231209 11:51:31.064" endtime="20231209 11:51:31.547"/>
</kw>
<kw name="Close Browser" library="SeleniumLibrary">
<doc>Closes the current browser.</doc>
<status status="PASS" starttime="20231209 11:51:31.547" endtime="20231209 11:51:33.954"/>
</kw>
<status status="PASS" starttime="20231209 11:51:21.947" endtime="20231209 11:51:33.954"/>
</kw>
<status status="PASS" starttime="20231209 11:51:21.947" endtime="20231209 11:51:33.954"/>
</test>
<doc>Tests for kristopherpepper.com</doc>
<status status="PASS" starttime="20231209 11:51:21.587" endtime="20231209 11:51:33.954"/>
</suite>
<statistics>
<total>
<stat pass="2" fail="0" skip="0">All Tests</stat>
</total>
<tag>
</tag>
<suite>
<stat pass="2" fail="0" skip="0" id="s1" name="Main">Main</stat>
</suite>
</statistics>
<errors>
<msg timestamp="20231209 11:51:22.823" level="WARN">The chromedriver version (120.0.6099.62) detected in PATH at C:\bin\chromedriver.exe might not be compatible with the detected chrome version (120.0.6099.63); currently, chromedriver 120.0.6099.71 is recommended for chrome 120.*, so it is advised to delete the driver in PATH and retry</msg>
</errors>
</robot>
